[    82.554] (--) Log file renamed from "/home/ajay/.local/share/xorg/Xorg.pid-954.log" to "/home/ajay/.local/share/xorg/Xorg.0.log"
[    82.558] 
X.Org X Server 1.20.10
X Protocol Version 11, Revision 0
[    82.558] Build Operating System: Linux 4.19.0-13-amd64 x86_64 Debian
[    82.558] Current Operating System: Linux kali 5.4.0-kali2-amd64 #1 SMP Debian 5.4.8-1kali1 (2020-01-06) x86_64
[    82.558] Kernel command line: BOOT_IMAGE=/boot/vmlinuz-5.4.0-kali2-amd64 root=UUID=714c7cc1-1e2a-41ad-9265-0c503a1eed4a ro quiet splash
[    82.559] Build Date: 06 January 2021  09:33:33AM
[    82.559] xorg-server 2:1.20.10-2 (https://www.debian.org/support) 
[    82.559] Current version of pixman: 0.36.0
[    82.559] 	Before reporting problems, check http://wiki.x.org
	to make sure that you have the latest version.
[    82.559] Markers: (--) probed, (**) from config file, (==) default setting,
	(++) from command line, (!!) notice, (II) informational,
	(WW) warning, (EE) error, (NI) not implemented, (??) unknown.
[    82.559] (==) Log file: "/home/ajay/.local/share/xorg/Xorg.0.log", Time: Tue Feb  2 18:56:46 2021
[    82.603] (==) Using system config directory "/usr/share/X11/xorg.conf.d"
[    82.638] (==) No Layout section.  Using the first Screen section.
[    82.638] (==) No screen section available. Using defaults.
[    82.638] (**) |-->Screen "Default Screen Section" (0)
[    82.638] (**) |   |-->Monitor "<default monitor>"
[    82.651] (==) No monitor specified for screen "Default Screen Section".
	Using a default monitor configuration.
[    82.651] (==) Automatically adding devices
[    82.651] (==) Automatically enabling devices
[    82.651] (==) Automatically adding GPU devices
[    82.651] (==) Max clients allowed: 256, resource mask: 0x1fffff
[    82.651] (WW) The directory "/usr/share/fonts/X11/cyrillic" does not exist.
[    82.651] 	Entry deleted from font path.
[    82.651] (==) FontPath set to:
	/usr/share/fonts/X11/misc,
	/usr/share/fonts/X11/100dpi/:unscaled,
	/usr/share/fonts/X11/75dpi/:unscaled,
	/usr/share/fonts/X11/Type1,
	/usr/share/fonts/X11/100dpi,
	/usr/share/fonts/X11/75dpi,
	built-ins
[    82.651] (==) ModulePath set to "/usr/lib/xorg/modules"
[    82.651] (II) The server relies on udev to provide the list of input devices.
	If no devices become available, reconfigure udev or disable AutoAddDevices.
[    82.651] (II) Loader magic: 0x562999456e40
[    82.651] (II) Module ABI versions:
[    82.651] 	X.Org ANSI C Emulation: 0.4
[    82.651] 	X.Org Video Driver: 24.1
[    82.651] 	X.Org XInput driver : 24.1
[    82.651] 	X.Org Server Extension : 10.0
[    82.657] (++) using VT number 2

[    82.665] (II) systemd-logind: took control of session /org/freedesktop/login1/session/_32
[    82.668] (II) xfree86: Adding drm device (/dev/dri/card0)
[    82.671] (II) systemd-logind: got fd for /dev/dri/card0 226:0 fd 12 paused 0
[    82.677] (--) PCI:*(0@0:2:0) 15ad:0405:15ad:0405 rev 0, Mem @ 0xe0000000/16777216, 0xf0000000/2097152, I/O @ 0x0000d010/16, BIOS @ 0x????????/131072
[    82.679] (II) LoadModule: "glx"
[    82.734] (II) Loading /usr/lib/xorg/modules/extensions/libglx.so
[    82.758] (II) Module glx: vendor="X.Org Foundation"
[    82.758] 	compiled for 1.20.10, module version = 1.0.0
[    82.758] 	ABI class: X.Org Server Extension, version 10.0
[    82.758] (==) Matched vmware as autoconfigured driver 0
[    82.758] (==) Matched modesetting as autoconfigured driver 1
[    82.758] (==) Matched fbdev as autoconfigured driver 2
[    82.758] (==) Matched vesa as autoconfigured driver 3
[    82.758] (==) Assigned the driver to the xf86ConfigLayout
[    82.758] (II) LoadModule: "vmware"
[    82.760] (II) Loading /usr/lib/xorg/modules/drivers/vmware_drv.so
[    82.971] (II) Module vmware: vendor="X.Org Foundation"
[    82.971] 	compiled for 1.20.8, module version = 13.3.0
[    82.971] 	Module class: X.Org Video Driver
[    82.971] 	ABI class: X.Org Video Driver, version 24.1
[    82.971] (II) LoadModule: "modesetting"
[    82.972] (II) Loading /usr/lib/xorg/modules/drivers/modesetting_drv.so
[    82.990] (II) Module modesetting: vendor="X.Org Foundation"
[    82.990] 	compiled for 1.20.10, module version = 1.20.10
[    82.990] 	Module class: X.Org Video Driver
[    82.990] 	ABI class: X.Org Video Driver, version 24.1
[    82.990] (II) LoadModule: "fbdev"
[    82.991] (II) Loading /usr/lib/xorg/modules/drivers/fbdev_drv.so
[    83.007] (II) Module fbdev: vendor="X.Org Foundation"
[    83.007] 	compiled for 1.20.0, module version = 0.5.0
[    83.007] 	Module class: X.Org Video Driver
[    83.007] 	ABI class: X.Org Video Driver, version 24.0
[    83.007] (II) LoadModule: "vesa"
[    83.008] (II) Loading /usr/lib/xorg/modules/drivers/vesa_drv.so
[    83.010] (II) Module vesa: vendor="X.Org Foundation"
[    83.010] 	compiled for 1.20.9, module version = 2.5.0
[    83.010] 	Module class: X.Org Video Driver
[    83.011] 	ABI class: X.Org Video Driver, version 24.1
[    83.011] (II) vmware: driver for VMware SVGA: vmware0405, vmware0710
[    83.011] (II) modesetting: Driver for Modesetting Kernel Drivers: kms
[    83.011] (II) FBDEV: driver for framebuffer: fbdev
[    83.011] (II) VESA: driver for VESA chipsets: vesa
[    83.011] xf86EnableIOPorts: failed to set IOPL for I/O (Operation not permitted)
[    83.011] (WW) Falling back to old probe method for modesetting
[    83.011] (WW) Falling back to old probe method for fbdev
[    83.011] (II) Loading sub module "fbdevhw"
[    83.011] (II) LoadModule: "fbdevhw"
[    83.012] (II) Loading /usr/lib/xorg/modules/libfbdevhw.so
[    83.027] (II) Module fbdevhw: vendor="X.Org Foundation"
[    83.027] 	compiled for 1.20.10, module version = 0.0.2
[    83.027] 	ABI class: X.Org Video Driver, version 24.1
[    83.027] (WW) VGA arbiter: cannot open kernel arbiter, no multi-card support
[    83.027] (II) vmware(0): Creating default Display subsection in Screen section
	"Default Screen Section" for depth/fbbpp 24/32
[    83.027] (--) vmware(0): DRM driver version is 2.15.0
[    83.027] (==) vmware(0): Depth 24, (--) framebuffer bpp 32
[    83.027] (==) vmware(0): RGB weight 888
[    83.027] (==) vmware(0): Default visual is TrueColor
[    83.027] (--) vmware(0): Min width 1, Max Width 8192.
[    83.027] (--) vmware(0): Min height 1, Max Height 8192.
[    83.028] (II) vmware(0): Output Virtual1 has no monitor section
[    83.028] (II) vmware(0): Output Virtual2 has no monitor section
[    83.028] (II) vmware(0): Output Virtual3 has no monitor section
[    83.028] (II) vmware(0): Output Virtual4 has no monitor section
[    83.028] (II) vmware(0): Output Virtual5 has no monitor section
[    83.028] (II) vmware(0): Output Virtual6 has no monitor section
[    83.028] (II) vmware(0): Output Virtual7 has no monitor section
[    83.028] (II) vmware(0): Output Virtual8 has no monitor section
[    83.029] (II) vmware(0): Printing probed modes for output Virtual1
[    83.029] (II) vmware(0): Modeline "800x600"x60.0   42.75  800 850 900 950  600 650 700 750 -hsync +vsync (45.0 kHz eP)
[    83.029] (II) vmware(0): Modeline "2560x1600"x60.0  348.50  2560 2752 3032 3504  1600 1603 1609 1658 -hsync +vsync (99.5 kHz e)
[    83.029] (II) vmware(0): Modeline "1920x1440"x60.0  234.00  1920 2048 2256 2600  1440 1441 1444 1500 -hsync +vsync (90.0 kHz e)
[    83.029] (II) vmware(0): Modeline "1856x1392"x60.0  218.25  1856 1952 2176 2528  1392 1393 1396 1439 -hsync +vsync (86.3 kHz e)
[    83.029] (II) vmware(0): Modeline "1792x1344"x60.0  204.75  1792 1920 2120 2448  1344 1345 1348 1394 -hsync +vsync (83.6 kHz e)
[    83.029] (II) vmware(0): Modeline "1920x1200"x59.9  193.25  1920 2056 2256 2592  1200 1203 1209 1245 -hsync +vsync (74.6 kHz e)
[    83.029] (II) vmware(0): Modeline "1600x1200"x60.0  162.00  1600 1664 1856 2160  1200 1201 1204 1250 +hsync +vsync (75.0 kHz e)
[    83.029] (II) vmware(0): Modeline "1680x1050"x60.0  146.25  1680 1784 1960 2240  1050 1053 1059 1089 -hsync +vsync (65.3 kHz e)
[    83.029] (II) vmware(0): Modeline "1400x1050"x60.0  121.75  1400 1488 1632 1864  1050 1053 1057 1089 -hsync +vsync (65.3 kHz e)
[    83.029] (II) vmware(0): Modeline "1280x1024"x60.0  108.00  1280 1328 1440 1688  1024 1025 1028 1066 +hsync +vsync (64.0 kHz e)
[    83.029] (II) vmware(0): Modeline "1440x900"x59.9  106.50  1440 1520 1672 1904  900 903 909 934 -hsync +vsync (55.9 kHz e)
[    83.029] (II) vmware(0): Modeline "1280x960"x60.0  108.00  1280 1376 1488 1800  960 961 964 1000 +hsync +vsync (60.0 kHz e)
[    83.029] (II) vmware(0): Modeline "1360x768"x60.0   85.50  1360 1424 1536 1792  768 771 777 795 +hsync +vsync (47.7 kHz e)
[    83.029] (II) vmware(0): Modeline "1280x800"x59.8   83.50  1280 1352 1480 1680  800 803 809 831 +hsync -vsync (49.7 kHz e)
[    83.029] (II) vmware(0): Modeline "1152x864"x75.0  108.00  1152 1216 1344 1600  864 865 868 900 +hsync +vsync (67.5 kHz e)
[    83.029] (II) vmware(0): Modeline "1280x768"x59.9   79.50  1280 1344 1472 1664  768 771 778 798 -hsync +vsync (47.8 kHz e)
[    83.034] (II) vmware(0): Modeline "1024x768"x60.0   65.00  1024 1048 1184 1344  768 771 777 806 -hsync -vsync (48.4 kHz e)
[    83.034] (II) vmware(0): Modeline "800x600"x60.3   40.00  800 840 968 1056  600 601 605 628 +hsync +vsync (37.9 kHz e)
[    83.034] (II) vmware(0): Modeline "640x480"x59.9   25.18  640 656 752 800  480 489 492 525 -hsync -vsync (31.5 kHz e)
[    83.034] (II) vmware(0): EDID for output Virtual2
[    83.034] (II) vmware(0): EDID for output Virtual3
[    83.035] (II) vmware(0): EDID for output Virtual4
[    83.035] (II) vmware(0): EDID for output Virtual5
[    83.035] (II) vmware(0): EDID for output Virtual6
[    83.035] (II) vmware(0): EDID for output Virtual7
[    83.035] (II) vmware(0): EDID for output Virtual8
[    83.035] (II) vmware(0): Output Virtual1 connected
[    83.035] (II) vmware(0): Output Virtual2 disconnected
[    83.035] (II) vmware(0): Output Virtual3 disconnected
[    83.035] (II) vmware(0): Output Virtual4 disconnected
[    83.035] (II) vmware(0): Output Virtual5 disconnected
[    83.035] (II) vmware(0): Output Virtual6 disconnected
[    83.035] (II) vmware(0): Output Virtual7 disconnected
[    83.035] (II) vmware(0): Output Virtual8 disconnected
[    83.035] (II) vmware(0): Using exact sizes for initial modes
[    83.035] (II) vmware(0): Output Virtual1 using initial mode 800x600 +0+0
[    83.036] (==) vmware(0): DPI set to (96, 96)
[    83.036] (==) vmware(0): Using gamma correction (1.0, 1.0, 1.0)
[    83.036] (II) Loading sub module "fb"
[    83.036] (II) LoadModule: "fb"
[    83.036] (II) Loading /usr/lib/xorg/modules/libfb.so
[    83.048] (II) Module fb: vendor="X.Org Foundation"
[    83.048] 	compiled for 1.20.10, module version = 1.0.0
[    83.048] 	ABI class: X.Org ANSI C Emulation, version 0.4
[    83.048] (II) Loading sub module "dri2"
[    83.048] (II) LoadModule: "dri2"
[    83.048] (II) Module "dri2" already built-in
[    83.048] (II) Loading sub module "dri3"
[    83.048] (II) LoadModule: "dri3"
[    83.048] (II) Module "dri3" already built-in
[    83.048] (II) UnloadModule: "modesetting"
[    83.049] (II) Unloading modesetting
[    83.049] (II) UnloadModule: "fbdev"
[    83.049] (II) Unloading fbdev
[    83.049] (II) UnloadSubModule: "fbdevhw"
[    83.049] (II) Unloading fbdevhw
[    83.049] (II) UnloadModule: "vesa"
[    83.049] (II) Unloading vesa
[    83.065] (II) vmware(0): Initialized VMWARE_CTRL extension version 0.2
[    83.096] (WW) vmware(0): Failed to initialize Gallium3D Xa. No render acceleration available.
[    83.096] (WW) vmware(0): Skipped initialization of direct rendering due to lack of render acceleration.
[    83.096] (--) vmware(0): Render acceleration is disabled.
[    83.096] (==) vmware(0): Rendercheck mode is disabled.
[    83.096] (--) vmware(0): Direct rendering (DRI2 3D) is disabled.
[    83.096] (--) vmware(0): Direct rendering (DRI3 3D) is disabled.
[    83.096] (==) vmware(0): Backing store enabled
[    83.096] (==) vmware(0): Silken mouse enabled
[    83.101] (==) vmware(0): DPMS enabled
[    83.101] (II) vmware(0): No 3D acceleration. Not setting up textured video.
[    83.101] (WW) vmware(0): Disabling Xv because no adaptors could be initialized.
[    83.101] (II) Initializing extension Generic Event Extension
[    83.101] (II) Initializing extension SHAPE
[    83.102] (II) Initializing extension MIT-SHM
[    83.102] (II) Initializing extension XInputExtension
[    83.105] (II) Initializing extension XTEST
[    83.106] (II) Initializing extension BIG-REQUESTS
[    83.106] (II) Initializing extension SYNC
[    83.107] (II) Initializing extension XKEYBOARD
[    83.108] (II) Initializing extension XC-MISC
[    83.108] (II) Initializing extension SECURITY
[    83.109] (II) Initializing extension XFIXES
[    83.110] (II) Initializing extension RENDER
[    83.111] (II) Initializing extension RANDR
[    83.118] (II) Initializing extension COMPOSITE
[    83.119] (II) Initializing extension DAMAGE
[    83.120] (II) Initializing extension MIT-SCREEN-SAVER
[    83.121] (II) Initializing extension DOUBLE-BUFFER
[    83.122] (II) Initializing extension RECORD
[    83.122] (II) Initializing extension DPMS
[    83.123] (II) Initializing extension Present
[    83.124] (II) Initializing extension DRI3
[    83.124] (II) Initializing extension X-Resource
[    83.124] (II) Initializing extension XVideo
[    83.126] (II) Initializing extension XVideo-MotionCompensation
[    83.128] (II) Initializing extension SELinux
[    83.128] (II) SELinux: Disabled on system
[    83.129] (II) Initializing extension GLX
[    83.130] (II) AIGLX: Screen 0 is not DRI2 capable
[    83.157] (II) IGLX: Loaded and initialized swrast
[    83.158] (II) GLX: Initialized DRISWRAST GL provider for screen 0
[    83.158] (II) Initializing extension XFree86-VidModeExtension
[    83.159] (II) Initializing extension XFree86-DGA
[    83.160] (II) Initializing extension XFree86-DRI
[    83.162] (II) Initializing extension DRI2
[    83.177] (II) vmware(0): Setting screen physical size to 211 x 158
[    83.347] (II) config/udev: Adding input device Power Button (/dev/input/event1)
[    83.348] (**) Power Button: Applying InputClass "libinput keyboard catchall"
[    83.348] (II) LoadModule: "libinput"
[    83.348] (II) Loading /usr/lib/xorg/modules/input/libinput_drv.so
[    83.375] (II) Module libinput: vendor="X.Org Foundation"
[    83.375] 	compiled for 1.20.8, module version = 0.30.0
[    83.375] 	Module class: X.Org XInput Driver
[    83.375] 	ABI class: X.Org XInput driver, version 24.1
[    83.376] (II) Using input driver 'libinput' for 'Power Button'
[    83.382] (II) systemd-logind: got fd for /dev/input/event1 13:65 fd 20 paused 0
[    83.383] (**) Power Button: always reports core events
[    83.383] (**) Option "Device" "/dev/input/event1"
[    83.384] (**) Option "_source" "server/udev"
[    83.394] (II) event1  - Power Button: is tagged by udev as: Keyboard
[    83.396] (II) event1  - Power Button: device is a keyboard
[    83.396] (II) event1  - Power Button: device removed
[    83.397] (**) Option "config_info" "udev:/sys/devices/LNXSYSTM:00/LNXPWRBN:00/input/input2/event1"
[    83.397] (II) XINPUT: Adding extended input device "Power Button" (type: KEYBOARD, id 6)
[    83.397] (**) Option "xkb_model" "pc105"
[    83.397] (**) Option "xkb_layout" "us"
[    83.409] (II) event1  - Power Button: is tagged by udev as: Keyboard
[    83.409] (II) event1  - Power Button: device is a keyboard
[    83.411] (II) config/udev: Adding input device Sleep Button (/dev/input/event2)
[    83.411] (**) Sleep Button: Applying InputClass "libinput keyboard catchall"
[    83.411] (II) Using input driver 'libinput' for 'Sleep Button'
[    83.423] (II) systemd-logind: got fd for /dev/input/event2 13:66 fd 23 paused 0
[    83.423] (**) Sleep Button: always reports core events
[    83.423] (**) Option "Device" "/dev/input/event2"
[    83.423] (**) Option "_source" "server/udev"
[    83.433] (II) event2  - Sleep Button: is tagged by udev as: Keyboard
[    83.433] (II) event2  - Sleep Button: device is a keyboard
[    83.434] (II) event2  - Sleep Button: device removed
[    83.435] (**) Option "config_info" "udev:/sys/devices/LNXSYSTM:00/LNXSLPBN:00/input/input3/event2"
[    83.435] (II) XINPUT: Adding extended input device "Sleep Button" (type: KEYBOARD, id 7)
[    83.435] (**) Option "xkb_model" "pc105"
[    83.436] (**) Option "xkb_layout" "us"
[    83.441] (II) event2  - Sleep Button: is tagged by udev as: Keyboard
[    83.445] (II) event2  - Sleep Button: device is a keyboard
[    83.447] (II) config/udev: Adding input device Video Bus (/dev/input/event3)
[    83.447] (**) Video Bus: Applying InputClass "libinput keyboard catchall"
[    83.447] (II) Using input driver 'libinput' for 'Video Bus'
[    83.452] (II) systemd-logind: got fd for /dev/input/event3 13:67 fd 24 paused 0
[    83.453] (**) Video Bus: always reports core events
[    83.453] (**) Option "Device" "/dev/input/event3"
[    83.453] (**) Option "_source" "server/udev"
[    83.459] (II) event3  - Video Bus: is tagged by udev as: Keyboard
[    83.459] (II) event3  - Video Bus: device is a keyboard
[    83.461] (II) event3  - Video Bus: device removed
[    83.461] (**) Option "config_info" "udev:/sys/devices/LNXSYSTM:00/LNXSYBUS:00/PNP0A03:00/LNXVIDEO:00/input/input4/event3"
[    83.462] (II) XINPUT: Adding extended input device "Video Bus" (type: KEYBOARD, id 8)
[    83.464] (**) Option "xkb_model" "pc105"
[    83.465] (**) Option "xkb_layout" "us"
[    83.471] (II) event3  - Video Bus: is tagged by udev as: Keyboard
[    83.472] (II) event3  - Video Bus: device is a keyboard
[    83.482] (II) config/udev: Adding input device VirtualBox mouse integration (/dev/input/event7)
[    83.483] (**) VirtualBox mouse integration: Applying InputClass "libinput pointer catchall"
[    83.483] (II) Using input driver 'libinput' for 'VirtualBox mouse integration'
[    83.488] (II) systemd-logind: got fd for /dev/input/event7 13:71 fd 25 paused 0
[    83.489] (**) VirtualBox mouse integration: always reports core events
[    83.489] (**) Option "Device" "/dev/input/event7"
[    83.489] (**) Option "_source" "server/udev"
[    83.494] (II) event7  - VirtualBox mouse integration: is tagged by udev as: Mouse
[    83.496] (II) event7  - VirtualBox mouse integration: device is a pointer
[    83.498] (II) event7  - VirtualBox mouse integration: device removed
[    83.498] (**) Option "config_info" "udev:/sys/devices/pci0000:00/0000:00:04.0/input/input8/event7"
[    83.499] (II) XINPUT: Adding extended input device "VirtualBox mouse integration" (type: MOUSE, id 9)
[    83.500] (**) Option "AccelerationScheme" "none"
[    83.501] (**) VirtualBox mouse integration: (accel) selected scheme none/0
[    83.502] (**) VirtualBox mouse integration: (accel) acceleration factor: 2.000
[    83.502] (**) VirtualBox mouse integration: (accel) acceleration threshold: 4
[    83.506] (II) event7  - VirtualBox mouse integration: is tagged by udev as: Mouse
[    83.507] (II) event7  - VirtualBox mouse integration: device is a pointer
[    83.510] (II) config/udev: Adding input device VirtualBox mouse integration (/dev/input/js1)
[    83.510] (II) No input driver specified, ignoring this device.
[    83.511] (II) This device may have been added with another device file.
[    83.512] (II) config/udev: Adding input device VirtualBox mouse integration (/dev/input/mouse2)
[    83.513] (II) No input driver specified, ignoring this device.
[    83.513] (II) This device may have been added with another device file.
[    83.516] (II) config/udev: Adding input device VirtualBox USB Tablet (/dev/input/event5)
[    83.517] (**) VirtualBox USB Tablet: Applying InputClass "libinput pointer catchall"
[    83.517] (II) Using input driver 'libinput' for 'VirtualBox USB Tablet'
[    83.579] (II) systemd-logind: got fd for /dev/input/event5 13:69 fd 26 paused 0
[    83.579] (**) VirtualBox USB Tablet: always reports core events
[    83.579] (**) Option "Device" "/dev/input/event5"
[    83.579] (**) Option "_source" "server/udev"
[    83.586] (II) event5  - VirtualBox USB Tablet: is tagged by udev as: Mouse
[    83.587] (II) event5  - VirtualBox USB Tablet: device is a pointer
[    83.589] (II) event5  - VirtualBox USB Tablet: device removed
[    83.589] (**) Option "config_info" "udev:/sys/devices/pci0000:00/0000:00:06.0/usb1/1-1/1-1:1.0/0003:80EE:0021.0001/input/input6/event5"
[    83.590] (II) XINPUT: Adding extended input device "VirtualBox USB Tablet" (type: MOUSE, id 10)
[    83.593] (**) Option "AccelerationScheme" "none"
[    83.594] (**) VirtualBox USB Tablet: (accel) selected scheme none/0
[    83.594] (**) VirtualBox USB Tablet: (accel) acceleration factor: 2.000
[    83.595] (**) VirtualBox USB Tablet: (accel) acceleration threshold: 4
[    83.605] (II) event5  - VirtualBox USB Tablet: is tagged by udev as: Mouse
[    83.606] (II) event5  - VirtualBox USB Tablet: device is a pointer
[    83.611] (II) config/udev: Adding input device VirtualBox USB Tablet (/dev/input/js0)
[    83.612] (II) No input driver specified, ignoring this device.
[    83.612] (II) This device may have been added with another device file.
[    83.619] (II) config/udev: Adding input device VirtualBox USB Tablet (/dev/input/mouse1)
[    83.620] (II) No input driver specified, ignoring this device.
[    83.620] (II) This device may have been added with another device file.
[    83.624] (II) config/udev: Adding input device AT Translated Set 2 keyboard (/dev/input/event0)
[    83.625] (**) AT Translated Set 2 keyboard: Applying InputClass "libinput keyboard catchall"
[    83.625] (II) Using input driver 'libinput' for 'AT Translated Set 2 keyboard'
[    83.632] (II) systemd-logind: got fd for /dev/input/event0 13:64 fd 27 paused 0
[    83.633] (**) AT Translated Set 2 keyboard: always reports core events
[    83.633] (**) Option "Device" "/dev/input/event0"
[    83.633] (**) Option "_source" "server/udev"
[    83.641] (II) event0  - AT Translated Set 2 keyboard: is tagged by udev as: Keyboard
[    83.642] (II) event0  - AT Translated Set 2 keyboard: device is a keyboard
[    83.643] (II) event0  - AT Translated Set 2 keyboard: device removed
[    83.643] (**) Option "config_info" "udev:/sys/devices/platform/i8042/serio0/input/input0/event0"
[    83.644] (II) XINPUT: Adding extended input device "AT Translated Set 2 keyboard" (type: KEYBOARD, id 11)
[    83.644] (**) Option "xkb_model" "pc105"
[    83.644] (**) Option "xkb_layout" "us"
[    83.652] (II) event0  - AT Translated Set 2 keyboard: is tagged by udev as: Keyboard
[    83.653] (II) event0  - AT Translated Set 2 keyboard: device is a keyboard
[    83.661] (II) config/udev: Adding input device ImExPS/2 Generic Explorer Mouse (/dev/input/event4)
[    83.662] (**) ImExPS/2 Generic Explorer Mouse: Applying InputClass "libinput pointer catchall"
[    83.663] (II) Using input driver 'libinput' for 'ImExPS/2 Generic Explorer Mouse'
[    83.666] (II) systemd-logind: got fd for /dev/input/event4 13:68 fd 28 paused 0
[    83.667] (**) ImExPS/2 Generic Explorer Mouse: always reports core events
[    83.667] (**) Option "Device" "/dev/input/event4"
[    83.667] (**) Option "_source" "server/udev"
[    83.671] (II) event4  - ImExPS/2 Generic Explorer Mouse: is tagged by udev as: Mouse
[    83.672] (II) event4  - ImExPS/2 Generic Explorer Mouse: device is a pointer
[    83.673] (II) event4  - ImExPS/2 Generic Explorer Mouse: device removed
[    83.674] (**) Option "config_info" "udev:/sys/devices/platform/i8042/serio1/input/input5/event4"
[    83.675] (II) XINPUT: Adding extended input device "ImExPS/2 Generic Explorer Mouse" (type: MOUSE, id 12)
[    83.676] (**) Option "AccelerationScheme" "none"
[    83.676] (**) ImExPS/2 Generic Explorer Mouse: (accel) selected scheme none/0
[    83.677] (**) ImExPS/2 Generic Explorer Mouse: (accel) acceleration factor: 2.000
[    83.677] (**) ImExPS/2 Generic Explorer Mouse: (accel) acceleration threshold: 4
[    83.680] (II) event4  - ImExPS/2 Generic Explorer Mouse: is tagged by udev as: Mouse
[    83.681] (II) event4  - ImExPS/2 Generic Explorer Mouse: device is a pointer
[    83.684] (II) config/udev: Adding input device ImExPS/2 Generic Explorer Mouse (/dev/input/mouse0)
[    83.685] (II) No input driver specified, ignoring this device.
[    83.685] (II) This device may have been added with another device file.
[    83.687] (II) config/udev: Adding input device PC Speaker (/dev/input/event6)
[    83.688] (II) No input driver specified, ignoring this device.
[    83.688] (II) This device may have been added with another device file.
[   674.453] (**) Option "fd" "20"
[   674.457] (II) event1  - Power Button: device removed
[   674.458] (**) Option "fd" "23"
[   674.458] (II) event2  - Sleep Button: device removed
[   674.458] (**) Option "fd" "24"
[   674.458] (II) event3  - Video Bus: device removed
[   674.461] (**) Option "fd" "25"
[   674.461] (II) event7  - VirtualBox mouse integration: device removed
[   674.463] (**) Option "fd" "26"
[   674.465] (II) event5  - VirtualBox USB Tablet: device removed
[   674.465] (**) Option "fd" "27"
[   674.465] (II) event0  - AT Translated Set 2 keyboard: device removed
[   674.467] (**) Option "fd" "28"
[   674.467] (II) event4  - ImExPS/2 Generic Explorer Mouse: device removed
[   674.476] (II) UnloadModule: "libinput"
[   674.476] (II) systemd-logind: releasing fd for 13:68
[   674.518] (II) UnloadModule: "libinput"
[   674.519] (II) systemd-logind: releasing fd for 13:64
[   674.527] (II) UnloadModule: "libinput"
[   674.527] (II) systemd-logind: releasing fd for 13:69
[   674.539] (II) UnloadModule: "libinput"
[   674.539] (II) systemd-logind: releasing fd for 13:71
[   674.546] (II) UnloadModule: "libinput"
[   674.546] (II) systemd-logind: releasing fd for 13:67
[   674.552] (II) UnloadModule: "libinput"
[   674.552] (II) systemd-logind: releasing fd for 13:66
[   674.559] (II) UnloadModule: "libinput"
[   674.559] (II) systemd-logind: releasing fd for 13:65
[   674.578] (II) Server terminated successfully (0). Closing log file.
