[   402.006] _XSERVTransSocketUNIXCreateListener: ...SocketCreateListener() failed
[   402.007] _XSERVTransMakeAllCOTSServerListeners: server already running
[   402.007] (--) Log file renamed from "/home/ajay/.local/share/xorg/Xorg.pid-2305.log" to "/home/ajay/.local/share/xorg/Xorg.1.log"
[   402.010] 
X.Org X Server 1.20.10
X Protocol Version 11, Revision 0
[   402.010] Build Operating System: Linux 4.19.0-13-amd64 x86_64 Debian
[   402.010] Current Operating System: Linux kali 5.4.0-kali2-amd64 #1 SMP Debian 5.4.8-1kali1 (2020-01-06) x86_64
[   402.011] Kernel command line: BOOT_IMAGE=/boot/vmlinuz-5.4.0-kali2-amd64 root=UUID=714c7cc1-1e2a-41ad-9265-0c503a1eed4a ro single
[   402.011] Build Date: 06 January 2021  09:33:33AM
[   402.011] xorg-server 2:1.20.10-2 (https://www.debian.org/support) 
[   402.011] Current version of pixman: 0.36.0
[   402.011] 	Before reporting problems, check http://wiki.x.org
	to make sure that you have the latest version.
[   402.011] Markers: (--) probed, (**) from config file, (==) default setting,
	(++) from command line, (!!) notice, (II) informational,
	(WW) warning, (EE) error, (NI) not implemented, (??) unknown.
[   402.011] (==) Log file: "/home/ajay/.local/share/xorg/Xorg.1.log", Time: Thu Feb 11 10:59:51 2021
[   402.012] (==) Using system config directory "/usr/share/X11/xorg.conf.d"
[   402.012] (==) No Layout section.  Using the first Screen section.
[   402.012] (==) No screen section available. Using defaults.
[   402.012] (**) |-->Screen "Default Screen Section" (0)
[   402.012] (**) |   |-->Monitor "<default monitor>"
[   402.013] (==) No monitor specified for screen "Default Screen Section".
	Using a default monitor configuration.
[   402.013] (==) Automatically adding devices
[   402.013] (==) Automatically enabling devices
[   402.013] (==) Automatically adding GPU devices
[   402.013] (==) Max clients allowed: 256, resource mask: 0x1fffff
[   402.013] (WW) The directory "/usr/share/fonts/X11/cyrillic" does not exist.
[   402.013] 	Entry deleted from font path.
[   402.014] (==) FontPath set to:
	/usr/share/fonts/X11/misc,
	/usr/share/fonts/X11/100dpi/:unscaled,
	/usr/share/fonts/X11/75dpi/:unscaled,
	/usr/share/fonts/X11/Type1,
	/usr/share/fonts/X11/100dpi,
	/usr/share/fonts/X11/75dpi,
	built-ins
[   402.014] (==) ModulePath set to "/usr/lib/xorg/modules"
[   402.014] (II) The server relies on udev to provide the list of input devices.
	If no devices become available, reconfigure udev or disable AutoAddDevices.
[   402.014] (II) Loader magic: 0x5650fd939e40
[   402.014] (II) Module ABI versions:
[   402.014] 	X.Org ANSI C Emulation: 0.4
[   402.014] 	X.Org Video Driver: 24.1
[   402.014] 	X.Org XInput driver : 24.1
[   402.014] 	X.Org Server Extension : 10.0
[   402.029] (++) using VT number 3

[   402.058] (II) systemd-logind: took control of session /org/freedesktop/login1/session/_36
[   402.062] (II) xfree86: Adding drm device (/dev/dri/card0)
[   402.072] (II) systemd-logind: got fd for /dev/dri/card0 226:0 fd 13 paused 0
[   402.095] (--) PCI:*(0@0:2:0) 15ad:0405:15ad:0405 rev 0, Mem @ 0xe0000000/16777216, 0xf0000000/2097152, I/O @ 0x0000d010/16, BIOS @ 0x????????/131072
[   402.098] (II) LoadModule: "glx"
[   402.100] (II) Loading /usr/lib/xorg/modules/extensions/libglx.so
[   402.113] (II) Module glx: vendor="X.Org Foundation"
[   402.114] 	compiled for 1.20.10, module version = 1.0.0
[   402.115] 	ABI class: X.Org Server Extension, version 10.0
[   402.116] (==) Matched vmware as autoconfigured driver 0
[   402.117] (==) Matched modesetting as autoconfigured driver 1
[   402.117] (==) Matched fbdev as autoconfigured driver 2
[   402.119] (==) Matched vesa as autoconfigured driver 3
[   402.120] (==) Assigned the driver to the xf86ConfigLayout
[   402.120] (II) LoadModule: "vmware"
[   402.123] (II) Loading /usr/lib/xorg/modules/drivers/vmware_drv.so
[   402.477] (II) Module vmware: vendor="X.Org Foundation"
[   402.478] 	compiled for 1.20.8, module version = 13.3.0
[   402.481] 	Module class: X.Org Video Driver
[   402.482] 	ABI class: X.Org Video Driver, version 24.1
[   402.482] (II) LoadModule: "modesetting"
[   402.489] (II) Loading /usr/lib/xorg/modules/drivers/modesetting_drv.so
[   402.492] (II) Module modesetting: vendor="X.Org Foundation"
[   402.493] 	compiled for 1.20.10, module version = 1.20.10
[   402.496] 	Module class: X.Org Video Driver
[   402.496] 	ABI class: X.Org Video Driver, version 24.1
[   402.497] (II) LoadModule: "fbdev"
[   402.500] (II) Loading /usr/lib/xorg/modules/drivers/fbdev_drv.so
[   402.501] (II) Module fbdev: vendor="X.Org Foundation"
[   402.501] 	compiled for 1.20.0, module version = 0.5.0
[   402.502] 	Module class: X.Org Video Driver
[   402.503] 	ABI class: X.Org Video Driver, version 24.0
[   402.503] (II) LoadModule: "vesa"
[   402.506] (II) Loading /usr/lib/xorg/modules/drivers/vesa_drv.so
[   402.507] (II) Module vesa: vendor="X.Org Foundation"
[   402.508] 	compiled for 1.20.9, module version = 2.5.0
[   402.509] 	Module class: X.Org Video Driver
[   402.510] 	ABI class: X.Org Video Driver, version 24.1
[   402.510] (II) vmware: driver for VMware SVGA: vmware0405, vmware0710
[   402.512] (II) modesetting: Driver for Modesetting Kernel Drivers: kms
[   402.513] (II) FBDEV: driver for framebuffer: fbdev
[   402.514] (II) VESA: driver for VESA chipsets: vesa
[   402.516] xf86EnableIOPorts: failed to set IOPL for I/O (Operation not permitted)
[   402.517] (WW) Falling back to old probe method for modesetting
[   402.519] (WW) Falling back to old probe method for fbdev
[   402.519] (II) Loading sub module "fbdevhw"
[   402.519] (II) LoadModule: "fbdevhw"
[   402.522] (II) Loading /usr/lib/xorg/modules/libfbdevhw.so
[   402.524] (II) Module fbdevhw: vendor="X.Org Foundation"
[   402.524] 	compiled for 1.20.10, module version = 0.0.2
[   402.525] 	ABI class: X.Org Video Driver, version 24.1
[   402.526] (WW) VGA arbiter: cannot open kernel arbiter, no multi-card support
[   402.527] (II) vmware(0): Creating default Display subsection in Screen section
	"Default Screen Section" for depth/fbbpp 24/32
[   402.528] (--) vmware(0): DRM driver version is 2.15.0
[   402.528] (==) vmware(0): Depth 24, (--) framebuffer bpp 32
[   402.529] (==) vmware(0): RGB weight 888
[   402.532] (==) vmware(0): Default visual is TrueColor
[   402.533] (--) vmware(0): Min width 1, Max Width 8192.
[   402.533] (--) vmware(0): Min height 1, Max Height 8192.
[   402.533] (II) vmware(0): Output Virtual1 has no monitor section
[   402.533] (II) vmware(0): Output Virtual2 has no monitor section
[   402.533] (II) vmware(0): Output Virtual3 has no monitor section
[   402.533] (II) vmware(0): Output Virtual4 has no monitor section
[   402.534] (II) vmware(0): Output Virtual5 has no monitor section
[   402.534] (II) vmware(0): Output Virtual6 has no monitor section
[   402.534] (II) vmware(0): Output Virtual7 has no monitor section
[   402.534] (II) vmware(0): Output Virtual8 has no monitor section
[   402.534] (II) vmware(0): Printing probed modes for output Virtual1
[   402.534] (II) vmware(0): Modeline "800x600"x60.0   42.75  800 850 900 950  600 650 700 750 -hsync +vsync (45.0 kHz eP)
[   402.534] (II) vmware(0): Modeline "2560x1600"x60.0  348.50  2560 2752 3032 3504  1600 1603 1609 1658 -hsync +vsync (99.5 kHz e)
[   402.534] (II) vmware(0): Modeline "1920x1440"x60.0  234.00  1920 2048 2256 2600  1440 1441 1444 1500 -hsync +vsync (90.0 kHz e)
[   402.534] (II) vmware(0): Modeline "1856x1392"x60.0  218.25  1856 1952 2176 2528  1392 1393 1396 1439 -hsync +vsync (86.3 kHz e)
[   402.534] (II) vmware(0): Modeline "1792x1344"x60.0  204.75  1792 1920 2120 2448  1344 1345 1348 1394 -hsync +vsync (83.6 kHz e)
[   402.534] (II) vmware(0): Modeline "1920x1200"x59.9  193.25  1920 2056 2256 2592  1200 1203 1209 1245 -hsync +vsync (74.6 kHz e)
[   402.534] (II) vmware(0): Modeline "1600x1200"x60.0  162.00  1600 1664 1856 2160  1200 1201 1204 1250 +hsync +vsync (75.0 kHz e)
[   402.534] (II) vmware(0): Modeline "1680x1050"x60.0  146.25  1680 1784 1960 2240  1050 1053 1059 1089 -hsync +vsync (65.3 kHz e)
[   402.535] (II) vmware(0): Modeline "1400x1050"x60.0  121.75  1400 1488 1632 1864  1050 1053 1057 1089 -hsync +vsync (65.3 kHz e)
[   402.535] (II) vmware(0): Modeline "1280x1024"x60.0  108.00  1280 1328 1440 1688  1024 1025 1028 1066 +hsync +vsync (64.0 kHz e)
[   402.535] (II) vmware(0): Modeline "1440x900"x59.9  106.50  1440 1520 1672 1904  900 903 909 934 -hsync +vsync (55.9 kHz e)
[   402.535] (II) vmware(0): Modeline "1280x960"x60.0  108.00  1280 1376 1488 1800  960 961 964 1000 +hsync +vsync (60.0 kHz e)
[   402.535] (II) vmware(0): Modeline "1360x768"x60.0   85.50  1360 1424 1536 1792  768 771 777 795 +hsync +vsync (47.7 kHz e)
[   402.535] (II) vmware(0): Modeline "1280x800"x59.8   83.50  1280 1352 1480 1680  800 803 809 831 +hsync -vsync (49.7 kHz e)
[   402.535] (II) vmware(0): Modeline "1152x864"x75.0  108.00  1152 1216 1344 1600  864 865 868 900 +hsync +vsync (67.5 kHz e)
[   402.535] (II) vmware(0): Modeline "1280x768"x59.9   79.50  1280 1344 1472 1664  768 771 778 798 -hsync +vsync (47.8 kHz e)
[   402.535] (II) vmware(0): Modeline "1024x768"x60.0   65.00  1024 1048 1184 1344  768 771 777 806 -hsync -vsync (48.4 kHz e)
[   402.535] (II) vmware(0): Modeline "800x600"x60.3   40.00  800 840 968 1056  600 601 605 628 +hsync +vsync (37.9 kHz e)
[   402.535] (II) vmware(0): Modeline "640x480"x59.9   25.18  640 656 752 800  480 489 492 525 -hsync -vsync (31.5 kHz e)
[   402.535] (II) vmware(0): EDID for output Virtual2
[   402.535] (II) vmware(0): EDID for output Virtual3
[   402.535] (II) vmware(0): EDID for output Virtual4
[   402.535] (II) vmware(0): EDID for output Virtual5
[   402.535] (II) vmware(0): EDID for output Virtual6
[   402.535] (II) vmware(0): EDID for output Virtual7
[   402.536] (II) vmware(0): EDID for output Virtual8
[   402.536] (II) vmware(0): Output Virtual1 connected
[   402.536] (II) vmware(0): Output Virtual2 disconnected
[   402.536] (II) vmware(0): Output Virtual3 disconnected
[   402.536] (II) vmware(0): Output Virtual4 disconnected
[   402.536] (II) vmware(0): Output Virtual5 disconnected
[   402.536] (II) vmware(0): Output Virtual6 disconnected
[   402.536] (II) vmware(0): Output Virtual7 disconnected
[   402.536] (II) vmware(0): Output Virtual8 disconnected
[   402.536] (II) vmware(0): Using exact sizes for initial modes
[   402.536] (II) vmware(0): Output Virtual1 using initial mode 800x600 +0+0
[   402.536] (==) vmware(0): DPI set to (96, 96)
[   402.536] (==) vmware(0): Using gamma correction (1.0, 1.0, 1.0)
[   402.536] (II) Loading sub module "fb"
[   402.536] (II) LoadModule: "fb"
[   402.537] (II) Loading /usr/lib/xorg/modules/libfb.so
[   402.537] (II) Module fb: vendor="X.Org Foundation"
[   402.537] 	compiled for 1.20.10, module version = 1.0.0
[   402.537] 	ABI class: X.Org ANSI C Emulation, version 0.4
[   402.537] (II) Loading sub module "dri2"
[   402.537] (II) LoadModule: "dri2"
[   402.537] (II) Module "dri2" already built-in
[   402.537] (II) Loading sub module "dri3"
[   402.537] (II) LoadModule: "dri3"
[   402.538] (II) Module "dri3" already built-in
[   402.538] (II) UnloadModule: "modesetting"
[   402.538] (II) Unloading modesetting
[   402.545] (II) UnloadModule: "fbdev"
[   402.545] (II) Unloading fbdev
[   402.546] (II) UnloadSubModule: "fbdevhw"
[   402.546] (II) Unloading fbdevhw
[   402.546] (II) UnloadModule: "vesa"
[   402.546] (II) Unloading vesa
[   402.547] (II) vmware(0): Initialized VMWARE_CTRL extension version 0.2
[   402.552] (WW) vmware(0): Failed to initialize Gallium3D Xa. No render acceleration available.
[   402.552] (WW) vmware(0): Skipped initialization of direct rendering due to lack of render acceleration.
[   402.552] (--) vmware(0): Render acceleration is disabled.
[   402.552] (==) vmware(0): Rendercheck mode is disabled.
[   402.552] (--) vmware(0): Direct rendering (DRI2 3D) is disabled.
[   402.552] (--) vmware(0): Direct rendering (DRI3 3D) is disabled.
[   402.552] (==) vmware(0): Backing store enabled
[   402.552] (==) vmware(0): Silken mouse enabled
[   402.554] (==) vmware(0): DPMS enabled
[   402.554] (II) vmware(0): No 3D acceleration. Not setting up textured video.
[   402.554] (WW) vmware(0): Disabling Xv because no adaptors could be initialized.
[   402.554] (II) Initializing extension Generic Event Extension
[   402.554] (II) Initializing extension SHAPE
[   402.555] (II) Initializing extension MIT-SHM
[   402.557] (II) Initializing extension XInputExtension
[   402.558] (II) Initializing extension XTEST
[   402.559] (II) Initializing extension BIG-REQUESTS
[   402.559] (II) Initializing extension SYNC
[   402.560] (II) Initializing extension XKEYBOARD
[   402.560] (II) Initializing extension XC-MISC
[   402.560] (II) Initializing extension SECURITY
[   402.561] (II) Initializing extension XFIXES
[   402.563] (II) Initializing extension RENDER
[   402.564] (II) Initializing extension RANDR
[   402.564] (II) Initializing extension COMPOSITE
[   402.565] (II) Initializing extension DAMAGE
[   402.565] (II) Initializing extension MIT-SCREEN-SAVER
[   402.565] (II) Initializing extension DOUBLE-BUFFER
[   402.566] (II) Initializing extension RECORD
[   402.566] (II) Initializing extension DPMS
[   402.567] (II) Initializing extension Present
[   402.567] (II) Initializing extension DRI3
[   402.567] (II) Initializing extension X-Resource
[   402.567] (II) Initializing extension XVideo
[   402.568] (II) Initializing extension XVideo-MotionCompensation
[   402.568] (II) Initializing extension SELinux
[   402.568] (II) SELinux: Disabled on system
[   402.568] (II) Initializing extension GLX
[   402.571] (II) AIGLX: Screen 0 is not DRI2 capable
[   402.587] (II) IGLX: Loaded and initialized swrast
[   402.588] (II) GLX: Initialized DRISWRAST GL provider for screen 0
[   402.588] (II) Initializing extension XFree86-VidModeExtension
[   402.588] (II) Initializing extension XFree86-DGA
[   402.588] (II) Initializing extension XFree86-DRI
[   402.588] (II) Initializing extension DRI2
[   402.601] (II) vmware(0): Setting screen physical size to 211 x 158
[   402.911] (II) config/udev: Adding input device Power Button (/dev/input/event1)
[   402.912] (**) Power Button: Applying InputClass "libinput keyboard catchall"
[   402.912] (II) LoadModule: "libinput"
[   402.919] (II) Loading /usr/lib/xorg/modules/input/libinput_drv.so
[   402.935] (II) Module libinput: vendor="X.Org Foundation"
[   402.939] 	compiled for 1.20.8, module version = 0.30.0
[   402.940] 	Module class: X.Org XInput Driver
[   402.940] 	ABI class: X.Org XInput driver, version 24.1
[   402.944] (II) Using input driver 'libinput' for 'Power Button'
[   402.951] (II) systemd-logind: got fd for /dev/input/event1 13:65 fd 21 paused 0
[   402.952] (**) Power Button: always reports core events
[   402.952] (**) Option "Device" "/dev/input/event1"
[   402.957] (**) Option "_source" "server/udev"
[   402.967] (II) event1  - Power Button: is tagged by udev as: Keyboard
[   402.968] (II) event1  - Power Button: device is a keyboard
[   402.969] (II) event1  - Power Button: device removed
[   402.975] (**) Option "config_info" "udev:/sys/devices/LNXSYSTM:00/LNXPWRBN:00/input/input2/event1"
[   402.976] (II) XINPUT: Adding extended input device "Power Button" (type: KEYBOARD, id 6)
[   402.976] (**) Option "xkb_model" "pc105"
[   402.980] (**) Option "xkb_layout" "us"
[   402.988] (II) event1  - Power Button: is tagged by udev as: Keyboard
[   402.988] (II) event1  - Power Button: device is a keyboard
[   402.991] (II) config/udev: Adding input device Sleep Button (/dev/input/event2)
[   402.993] (**) Sleep Button: Applying InputClass "libinput keyboard catchall"
[   402.993] (II) Using input driver 'libinput' for 'Sleep Button'
[   403.002] (II) systemd-logind: got fd for /dev/input/event2 13:66 fd 24 paused 0
[   403.002] (**) Sleep Button: always reports core events
[   403.002] (**) Option "Device" "/dev/input/event2"
[   403.002] (**) Option "_source" "server/udev"
[   403.008] (II) event2  - Sleep Button: is tagged by udev as: Keyboard
[   403.008] (II) event2  - Sleep Button: device is a keyboard
[   403.008] (II) event2  - Sleep Button: device removed
[   403.009] (**) Option "config_info" "udev:/sys/devices/LNXSYSTM:00/LNXSLPBN:00/input/input3/event2"
[   403.009] (II) XINPUT: Adding extended input device "Sleep Button" (type: KEYBOARD, id 7)
[   403.009] (**) Option "xkb_model" "pc105"
[   403.009] (**) Option "xkb_layout" "us"
[   403.014] (II) event2  - Sleep Button: is tagged by udev as: Keyboard
[   403.014] (II) event2  - Sleep Button: device is a keyboard
[   403.021] (II) config/udev: Adding input device Video Bus (/dev/input/event3)
[   403.021] (**) Video Bus: Applying InputClass "libinput keyboard catchall"
[   403.021] (II) Using input driver 'libinput' for 'Video Bus'
[   403.031] (II) systemd-logind: got fd for /dev/input/event3 13:67 fd 25 paused 0
[   403.031] (**) Video Bus: always reports core events
[   403.031] (**) Option "Device" "/dev/input/event3"
[   403.031] (**) Option "_source" "server/udev"
[   403.039] (II) event3  - Video Bus: is tagged by udev as: Keyboard
[   403.039] (II) event3  - Video Bus: device is a keyboard
[   403.039] (II) event3  - Video Bus: device removed
[   403.039] (**) Option "config_info" "udev:/sys/devices/LNXSYSTM:00/LNXSYBUS:00/PNP0A03:00/LNXVIDEO:00/input/input4/event3"
[   403.040] (II) XINPUT: Adding extended input device "Video Bus" (type: KEYBOARD, id 8)
[   403.040] (**) Option "xkb_model" "pc105"
[   403.041] (**) Option "xkb_layout" "us"
[   403.050] (II) event3  - Video Bus: is tagged by udev as: Keyboard
[   403.050] (II) event3  - Video Bus: device is a keyboard
[   403.060] (II) config/udev: Adding input device VirtualBox mouse integration (/dev/input/event6)
[   403.060] (**) VirtualBox mouse integration: Applying InputClass "libinput pointer catchall"
[   403.060] (II) Using input driver 'libinput' for 'VirtualBox mouse integration'
[   403.068] (II) systemd-logind: got fd for /dev/input/event6 13:70 fd 26 paused 0
[   403.068] (**) VirtualBox mouse integration: always reports core events
[   403.068] (**) Option "Device" "/dev/input/event6"
[   403.068] (**) Option "_source" "server/udev"
[   403.073] (II) event6  - VirtualBox mouse integration: is tagged by udev as: Mouse
[   403.075] (II) event6  - VirtualBox mouse integration: device is a pointer
[   403.075] (II) event6  - VirtualBox mouse integration: device removed
[   403.077] (**) Option "config_info" "udev:/sys/devices/pci0000:00/0000:00:04.0/input/input7/event6"
[   403.077] (II) XINPUT: Adding extended input device "VirtualBox mouse integration" (type: MOUSE, id 9)
[   403.078] (**) Option "AccelerationScheme" "none"
[   403.078] (**) VirtualBox mouse integration: (accel) selected scheme none/0
[   403.078] (**) VirtualBox mouse integration: (accel) acceleration factor: 2.000
[   403.078] (**) VirtualBox mouse integration: (accel) acceleration threshold: 4
[   403.084] (II) event6  - VirtualBox mouse integration: is tagged by udev as: Mouse
[   403.085] (II) event6  - VirtualBox mouse integration: device is a pointer
[   403.088] (II) config/udev: Adding input device VirtualBox mouse integration (/dev/input/js1)
[   403.088] (II) No input driver specified, ignoring this device.
[   403.088] (II) This device may have been added with another device file.
[   403.093] (II) config/udev: Adding input device VirtualBox mouse integration (/dev/input/mouse2)
[   403.093] (II) No input driver specified, ignoring this device.
[   403.093] (II) This device may have been added with another device file.
[   403.098] (II) config/udev: Adding input device VirtualBox USB Tablet (/dev/input/event5)
[   403.098] (**) VirtualBox USB Tablet: Applying InputClass "libinput pointer catchall"
[   403.098] (II) Using input driver 'libinput' for 'VirtualBox USB Tablet'
[   403.118] (II) systemd-logind: got fd for /dev/input/event5 13:69 fd 27 paused 0
[   403.118] (**) VirtualBox USB Tablet: always reports core events
[   403.118] (**) Option "Device" "/dev/input/event5"
[   403.118] (**) Option "_source" "server/udev"
[   403.125] (II) event5  - VirtualBox USB Tablet: is tagged by udev as: Mouse
[   403.128] (II) event5  - VirtualBox USB Tablet: device is a pointer
[   403.131] (II) event5  - VirtualBox USB Tablet: device removed
[   403.131] (**) Option "config_info" "udev:/sys/devices/pci0000:00/0000:00:06.0/usb1/1-1/1-1:1.0/0003:80EE:0021.0001/input/input6/event5"
[   403.132] (II) XINPUT: Adding extended input device "VirtualBox USB Tablet" (type: MOUSE, id 10)
[   403.133] (**) Option "AccelerationScheme" "none"
[   403.133] (**) VirtualBox USB Tablet: (accel) selected scheme none/0
[   403.133] (**) VirtualBox USB Tablet: (accel) acceleration factor: 2.000
[   403.133] (**) VirtualBox USB Tablet: (accel) acceleration threshold: 4
[   403.142] (II) event5  - VirtualBox USB Tablet: is tagged by udev as: Mouse
[   403.144] (II) event5  - VirtualBox USB Tablet: device is a pointer
[   403.147] (II) config/udev: Adding input device VirtualBox USB Tablet (/dev/input/js0)
[   403.147] (II) No input driver specified, ignoring this device.
[   403.147] (II) This device may have been added with another device file.
[   403.152] (II) config/udev: Adding input device VirtualBox USB Tablet (/dev/input/mouse1)
[   403.152] (II) No input driver specified, ignoring this device.
[   403.152] (II) This device may have been added with another device file.
[   403.156] (II) config/udev: Adding input device AT Translated Set 2 keyboard (/dev/input/event0)
[   403.156] (**) AT Translated Set 2 keyboard: Applying InputClass "libinput keyboard catchall"
[   403.156] (II) Using input driver 'libinput' for 'AT Translated Set 2 keyboard'
[   403.160] (II) systemd-logind: got fd for /dev/input/event0 13:64 fd 28 paused 0
[   403.160] (**) AT Translated Set 2 keyboard: always reports core events
[   403.161] (**) Option "Device" "/dev/input/event0"
[   403.161] (**) Option "_source" "server/udev"
[   403.164] (II) event0  - AT Translated Set 2 keyboard: is tagged by udev as: Keyboard
[   403.165] (II) event0  - AT Translated Set 2 keyboard: device is a keyboard
[   403.167] (II) event0  - AT Translated Set 2 keyboard: device removed
[   403.167] (**) Option "config_info" "udev:/sys/devices/platform/i8042/serio0/input/input0/event0"
[   403.170] (II) XINPUT: Adding extended input device "AT Translated Set 2 keyboard" (type: KEYBOARD, id 11)
[   403.170] (**) Option "xkb_model" "pc105"
[   403.170] (**) Option "xkb_layout" "us"
[   403.177] (II) event0  - AT Translated Set 2 keyboard: is tagged by udev as: Keyboard
[   403.178] (II) event0  - AT Translated Set 2 keyboard: device is a keyboard
[   403.184] (II) config/udev: Adding input device ImExPS/2 Generic Explorer Mouse (/dev/input/event4)
[   403.185] (**) ImExPS/2 Generic Explorer Mouse: Applying InputClass "libinput pointer catchall"
[   403.185] (II) Using input driver 'libinput' for 'ImExPS/2 Generic Explorer Mouse'
[   403.189] (II) systemd-logind: got fd for /dev/input/event4 13:68 fd 29 paused 0
[   403.189] (**) ImExPS/2 Generic Explorer Mouse: always reports core events
[   403.189] (**) Option "Device" "/dev/input/event4"
[   403.189] (**) Option "_source" "server/udev"
[   403.193] (II) event4  - ImExPS/2 Generic Explorer Mouse: is tagged by udev as: Mouse
[   403.194] (II) event4  - ImExPS/2 Generic Explorer Mouse: device is a pointer
[   403.195] (II) event4  - ImExPS/2 Generic Explorer Mouse: device removed
[   403.195] (**) Option "config_info" "udev:/sys/devices/platform/i8042/serio1/input/input5/event4"
[   403.195] (II) XINPUT: Adding extended input device "ImExPS/2 Generic Explorer Mouse" (type: MOUSE, id 12)
[   403.196] (**) Option "AccelerationScheme" "none"
[   403.196] (**) ImExPS/2 Generic Explorer Mouse: (accel) selected scheme none/0
[   403.197] (**) ImExPS/2 Generic Explorer Mouse: (accel) acceleration factor: 2.000
[   403.197] (**) ImExPS/2 Generic Explorer Mouse: (accel) acceleration threshold: 4
[   403.205] (II) event4  - ImExPS/2 Generic Explorer Mouse: is tagged by udev as: Mouse
[   403.206] (II) event4  - ImExPS/2 Generic Explorer Mouse: device is a pointer
[   403.208] (II) config/udev: Adding input device ImExPS/2 Generic Explorer Mouse (/dev/input/mouse0)
[   403.208] (II) No input driver specified, ignoring this device.
[   403.208] (II) This device may have been added with another device file.
[   403.211] (II) config/udev: Adding input device PC Speaker (/dev/input/event7)
[   403.211] (II) No input driver specified, ignoring this device.
[   403.211] (II) This device may have been added with another device file.
